<?xml version="1.0" encoding="UTF-8"?>
<testsuite name="org.cap.test.bankapp.BankAppMocitoTestCase" tests="4" skipped="0" failures="0" errors="0" timestamp="2021-07-12T12:16:50" hostname="LIN51013572" time="0.238">
  <properties/>
  <testcase name="test_AddAccount_method" classname="org.cap.test.bankapp.BankAppMocitoTestCase" time="0.229"/>
  <testcase name="test_deposit" classname="org.cap.test.bankapp.BankAppMocitoTestCase" time="0.003"/>
  <testcase name="test_findAccountById" classname="org.cap.test.bankapp.BankAppMocitoTestCase" time="0.002"/>
  <testcase name="test_withdraw" classname="org.cap.test.bankapp.BankAppMocitoTestCase" time="0.001"/>
  <system-out><![CDATA[]]></system-out>
  <system-err><![CDATA[]]></system-err>
</testsuite>
